2026-02-11 10:14:16.770865-0800 PetSafeUITests-Runner[71426:4011547] [Default] Running tests...
    t =      nans Interface orientation changed to Portrait
Test Suite 'SubscriptionTests' started at 2026-02-11 10:14:24.403.
Test Case '-[PetSafeUITests.SubscriptionTests testClosePaywall]' started.
    t =     0.00s Start Test at 2026-02-11 10:14:24.406
    t =     1.04s Set Up
    t =     1.09s Open com.armstrong.PetSafe
    t =     1.09s     Launch com.armstrong.PetSafe
    t =     9.20s         Setting up automation session
    t =    12.07s         Wait for com.armstrong.PetSafe to idle
    t =    14.24s Tap "email_field" TextField
    t =    14.24s     Wait for com.armstrong.PetSafe to idle
    t =    19.74s     Find the "email_field" TextField
    t =    21.30s         Find the "email_field" TextField (retry 1)
    t =    22.39s         Find the "email_field" TextField (retry 2)
    t =    22.57s Requesting snapshot of accessibility hierarchy for app with pid 71477
/Users/kevinarmstrong/Documents/PetSafe/PetSafeUITests/PageObjects/LoginPage.swift:34: error: -[PetSafeUITests.SubscriptionTests testClosePaywall] : Failed to tap "email_field" TextField: No matches found for Elements matching predicate '"email_field" IN identifiers' from input {(
    TextField, placeholderValue: 'Email'
)}
    t =    23.78s Tear Down
Test Case '-[PetSafeUITests.SubscriptionTests testClosePaywall]' failed (24.141 seconds).
Test Case '-[PetSafeUITests.SubscriptionTests testMonthlyPlanSelection]' started.
    t =     0.00s Start Test at 2026-02-11 10:14:48.551
    t =     0.06s Set Up
    t =     0.07s Open com.armstrong.PetSafe
    t =     0.07s     Launch com.armstrong.PetSafe
    t =     0.07s         Terminate com.armstrong.PetSafe:71477
    t =     7.74s         Setting up automation session
    t =     7.81s         Wait for com.armstrong.PetSafe to idle
    t =     9.99s Tap "email_field" TextField
    t =     9.99s     Wait for com.armstrong.PetSafe to idle
    t =    10.43s     Find the "email_field" TextField
    t =    24.51s         Find the "email_field" TextField (retry 1)
    t =    26.46s         Find the "email_field" TextField (retry 2)
    t =    26.69s Requesting snapshot of accessibility hierarchy for app with pid 71563
/Users/kevinarmstrong/Documents/PetSafe/PetSafeUITests/PageObjects/LoginPage.swift:34: error: -[PetSafeUITests.SubscriptionTests testMonthlyPlanSelection] : Failed to tap "email_field" TextField: No matches found for Descendants matching type TextField from input {(
    Application, pid: 71563, label: 'PetSafe'
)}
    t =    26.93s Tear Down
Test Case '-[PetSafeUITests.SubscriptionTests testMonthlyPlanSelection]' failed (27.304 seconds).
Test Case '-[PetSafeUITests.SubscriptionTests testPaywallDisplays]' started.
    t =     0.00s Start Test at 2026-02-11 10:15:15.854
    t =     0.08s Set Up
    t =     0.09s Open com.armstrong.PetSafe
    t =     0.09s     Launch com.armstrong.PetSafe
    t =     0.09s         Terminate com.armstrong.PetSafe:71563
    t =     5.82s         Setting up automation session
    t =     6.30s         Wait for com.armstrong.PetSafe to idle
    t =     7.40s Tap "email_field" TextField
    t =     7.40s     Wait for com.armstrong.PetSafe to idle
    t =     7.49s     Find the "email_field" TextField
    t =    39.41s         Find the "email_field" TextField (retry 1)
    t =    50.39s         Find the "email_field" TextField (retry 2)
/Users/kevinarmstrong/Documents/PetSafe/PetSafeUITests/PageObjects/LoginPage.swift:34: error: -[PetSafeUITests.SubscriptionTests testPaywallDisplays] : Failed to tap "email_field" TextField: Timed out while evaluating UI query.
    t =    50.65s Tear Down
Test Case '-[PetSafeUITests.SubscriptionTests testPaywallDisplays]' failed (51.072 seconds).
Test Case '-[PetSafeUITests.SubscriptionTests testPremiumFeaturesDisplay]' started.
    t =     0.00s Start Test at 2026-02-11 10:16:06.926
    t =     0.10s Set Up
    t =     0.10s Open com.armstrong.PetSafe
    t =     0.10s     Launch com.armstrong.PetSafe
    t =     0.10s         Terminate com.armstrong.PetSafe:71706
    t =    11.24s         Setting up automation session
    t =    23.71s         Wait for com.armstrong.PetSafe to idle
    t =    53.25s Tap "email_field" TextField
    t =    53.27s     Wait for com.armstrong.PetSafe to idle
    t =    55.87s     Find the "email_field" TextField
    t =    61.18s         Find the "email_field" TextField (retry 1)
    t =    65.96s         Find the "email_field" TextField (retry 2)
    t =    66.35s Requesting snapshot of accessibility hierarchy for app with pid 71823
/Users/kevinarmstrong/Documents/PetSafe/PetSafeUITests/PageObjects/LoginPage.swift:34: error: -[PetSafeUITests.SubscriptionTests testPremiumFeaturesDisplay] : Failed to tap "email_field" TextField: No matches found for Elements matching predicate '"email_field" IN identifiers' from input {(
    TextField, placeholderValue: 'Email'
)}
    t =    68.40s Tear Down
Test Case '-[PetSafeUITests.SubscriptionTests testPremiumFeaturesDisplay]' failed (69.717 seconds).
Test Case '-[PetSafeUITests.SubscriptionTests testRestorePurchasesButton]' started.
    t =     0.01s Start Test at 2026-02-11 10:17:16.661
    t =     0.58s Set Up
    t =     0.60s Open com.armstrong.PetSafe
    t =     0.60s     Launch com.armstrong.PetSafe
    t =     0.60s         Terminate com.armstrong.PetSafe:71823
    t =   219.94s         Setting up automation session
    t =   271.47s         Wait for com.armstrong.PetSafe to idle
    t =   334.59s             App event loop idle notification not received, will attempt to continue.
    t =   336.76s Tap "email_field" TextField
    t =   337.22s     Wait for com.armstrong.PetSafe to idle
    t =   399.65s         App event loop idle notification not received, will attempt to continue.
    t =   399.86s     Find the "email_field" TextField
    t =   433.48s         Find the "email_field" TextField (retry 1)
    t =   448.44s         Find the "email_field" TextField (retry 2)
    t =   466.79s     Retrying `Tap "email_field" TextField` (attempt #2)
    t =   466.86s         Wait for com.armstrong.PetSafe to idle
    t =   527.63s             App event loop idle notification not received, will attempt to continue.
    t =   527.72s         Find the "email_field" TextField
    t =   533.35s             Find the "email_field" TextField (retry 1)
    t =   540.62s             Find the "email_field" TextField (retry 2)
    t =   543.20s     Retrying `Tap "email_field" TextField` (attempt #3)
    t =   543.20s         Wait for com.armstrong.PetSafe to idle
    t =   543.21s         Find the "email_field" TextField
    t =   544.71s             Find the "email_field" TextField (retry 1)
    t =   546.68s             Find the "email_field" TextField (retry 2)
    t =   547.63s Requesting snapshot of accessibility hierarchy for app with pid 72070
/Users/kevinarmstrong/Documents/PetSafe/PetSafeUITests/PageObjects/LoginPage.swift:34: error: -[PetSafeUITests.SubscriptionTests testRestorePurchasesButton] : Failed to no matches found for Elements matching predicate '"email_field" IN identifiers' from input {(
    TextField, placeholderValue: 'Email'
)}
    t =   549.02s Tear Down
Test Case '-[PetSafeUITests.SubscriptionTests testRestorePurchasesButton]' failed (549.885 seconds).
Test Case '-[PetSafeUITests.SubscriptionTests testSubscribeButton]' started.
    t =     0.01s Start Test at 2026-02-11 10:26:26.548
    t =     0.49s Set Up
    t =     0.51s Open com.armstrong.PetSafe
    t =     0.52s     Launch com.armstrong.PetSafe
    t =     0.52s         Terminate com.armstrong.PetSafe:72070
    t =    33.94s         Wait for accessibility to load
    t =    34.99s         Setting up automation session
    t =    96.16s         Wait for com.armstrong.PetSafe to idle
    t =   103.95s Unable to monitor event loop
    t =   103.96s Unable to monitor animations
    t =   105.85s Tap "email_field" TextField
    t =   105.85s     Wait for com.armstrong.PetSafe to idle
    t =   115.46s Unable to monitor event loop
    t =   117.29s Unable to monitor animations
    t =   117.88s     Find the "email_field" TextField
    t =   118.43s         Requesting snapshot of accessibility hierarchy for app with pid 72262
    t =   120.01s         Requesting snapshot of accessibility hierarchy for app with pid 72262
    t =   122.67s         Requesting snapshot of accessibility hierarchy for app with pid 72262
    t =   125.48s         Find the "email_field" TextField (retry 1)
    t =   128.16s             Requesting snapshot of accessibility hierarchy for app with pid 72262
    t =   132.56s             Requesting snapshot of accessibility hierarchy for app with pid 72262
    t =   133.89s             Requesting snapshot of accessibility hierarchy for app with pid 72262
    t =   143.04s         Find the "email_field" TextField (retry 2)
    t =   143.75s             Requesting snapshot of accessibility hierarchy for app with pid 72262
    t =   145.37s             Requesting snapshot of accessibility hierarchy for app with pid 72262
    t =   146.72s             Requesting snapshot of accessibility hierarchy for app with pid 72262
    t =   149.30s     Retrying `Tap "email_field" TextField` (attempt #2)
    t =   149.81s         Wait for com.armstrong.PetSafe to idle
    t =   211.47s Unable to monitor event loop
    t =   212.86s         Find the "email_field" TextField
    t =   214.54s             Requesting snapshot of accessibility hierarchy for app with pid 72262
    t =   277.07s             Find the "email_field" TextField (retry 1)
    t =   277.21s                 Requesting snapshot of accessibility hierarchy for app with pid 72262
    t =   277.61s                 Find: Descendants matching type TextField
    t =   277.62s                 Find: Elements matching predicate '"email_field" IN identifiers'
    t =   278.98s             Find the "email_field" TextField (retry 2)
    t =   278.99s                 Requesting snapshot of accessibility hierarchy for app with pid 72262
    t =   279.47s                 Find: Descendants matching type TextField
    t =   279.47s                 Find: Elements matching predicate '"email_field" IN identifiers'
    t =   280.88s     Retrying `Tap "email_field" TextField` (attempt #3)
    t =   280.88s         Wait for com.armstrong.PetSafe to idle
    t =   281.21s         Find the "email_field" TextField
    t =   281.25s             Requesting snapshot of accessibility hierarchy for app with pid 72262
    t =   282.62s             Find: Descendants matching type TextField
    t =   282.62s             Find: Elements matching predicate '"email_field" IN identifiers'
    t =   283.71s             Find the "email_field" TextField (retry 1)
    t =   283.90s                 Requesting snapshot of accessibility hierarchy for app with pid 72262
    t =   284.99s                 Find: Descendants matching type TextField
    t =   285.04s                 Find: Elements matching predicate '"email_field" IN identifiers'
    t =   286.09s             Find the "email_field" TextField (retry 2)
    t =   286.15s                 Requesting snapshot of accessibility hierarchy for app with pid 72262
    t =   286.36s                 Find: Descendants matching type TextField
    t =   286.36s                 Find: Elements matching predicate '"email_field" IN identifiers'
    t =   286.36s Requesting snapshot of accessibility hierarchy for app with pid 72262
/Users/kevinarmstrong/Documents/PetSafe/PetSafeUITests/PageObjects/LoginPage.swift:34: error: -[PetSafeUITests.SubscriptionTests testSubscribeButton] : Failed to no matches found for Elements matching predicate '"email_field" IN identifiers' from input {(
    TextField, placeholderValue: 'Email'
)}
    t =   287.45s Tear Down
Test Case '-[PetSafeUITests.SubscriptionTests testSubscribeButton]' failed (288.266 seconds).
Test Case '-[PetSafeUITests.SubscriptionTests testSubscriptionPlansDisplay]' started.
    t =     0.00s Start Test at 2026-02-11 10:31:14.813
    t =     0.77s Set Up
    t =     0.78s Open com.armstrong.PetSafe
    t =     0.79s     Launch com.armstrong.PetSafe
    t =     0.79s         Terminate com.armstrong.PetSafe:72262
    t =    94.82s         Setting up automation session
    t =   157.18s         Wait for com.armstrong.PetSafe to idle
    t =   168.00s Unable to monitor event loop
    t =   168.13s Unable to monitor animations
    t =   169.45s Tap "email_field" TextField
    t =   169.46s     Wait for com.armstrong.PetSafe to idle
    t =   232.18s         App event loop idle notification not received, will attempt to continue.
    t =   232.61s App animations complete notification not received, will attempt to continue.
    t =   232.62s     Find the "email_field" TextField
    t =   235.16s         Requesting snapshot of accessibility hierarchy for app with pid 72665
    t =   235.74s Unable to monitor animations
    t =   296.85s         Find the "email_field" TextField (retry 1)
    t =   297.68s             Requesting snapshot of accessibility hierarchy for app with pid 72665
    t =   300.88s             Find: Descendants matching type TextField
    t =   300.89s             Find: Elements matching predicate '"email_field" IN identifiers'
    t =   302.18s         Find the "email_field" TextField (retry 2)
    t =   302.19s             Requesting snapshot of accessibility hierarchy for app with pid 72665
    t =   302.30s             Find: Descendants matching type TextField
    t =   302.30s             Find: Elements matching predicate '"email_field" IN identifiers'
    t =   303.31s     Retrying `Tap "email_field" TextField` (attempt #2)
    t =   303.32s         Wait for com.armstrong.PetSafe to idle
    t =   303.74s         Find the "email_field" TextField
    t =   303.74s             Requesting snapshot of accessibility hierarchy for app with pid 72665
    t =   305.00s             Find: Descendants matching type TextField
    t =   305.01s             Find: Elements matching predicate '"email_field" IN identifiers'
    t =   306.21s             Find the "email_field" TextField (retry 1)
    t =   306.46s                 Requesting snapshot of accessibility hierarchy for app with pid 72665
    t =   308.43s                 Find: Descendants matching type TextField
    t =   308.43s                 Find: Elements matching predicate '"email_field" IN identifiers'
    t =   309.57s             Find the "email_field" TextField (retry 2)
    t =   309.90s                 Requesting snapshot of accessibility hierarchy for app with pid 72665
    t =   311.97s                 Find: Descendants matching type TextField
    t =   312.23s                 Find: Elements matching predicate '"email_field" IN identifiers'
    t =   313.59s     Retrying `Tap "email_field" TextField` (attempt #3)
    t =   313.65s         Wait for com.armstrong.PetSafe to idle
    t =   314.01s         Find the "email_field" TextField
    t =   314.17s             Requesting snapshot of accessibility hierarchy for app with pid 72665
    t =   317.39s             Find: Descendants matching type TextField
    t =   317.40s             Find: Elements matching predicate '"email_field" IN identifiers'
    t =   318.67s             Find the "email_field" TextField (retry 1)
    t =   318.74s                 Requesting snapshot of accessibility hierarchy for app with pid 72665
    t =   319.84s                 Find: Descendants matching type TextField
    t =   319.84s                 Find: Elements matching predicate '"email_field" IN identifiers'
    t =   320.87s             Find the "email_field" TextField (retry 2)
    t =   320.88s                 Requesting snapshot of accessibility hierarchy for app with pid 72665
    t =   321.59s                 Find: Descendants matching type TextField
    t =   321.64s                 Find: Elements matching predicate '"email_field" IN identifiers'
    t =   321.66s Requesting snapshot of accessibility hierarchy for app with pid 72665
/Users/kevinarmstrong/Documents/PetSafe/PetSafeUITests/PageObjects/LoginPage.swift:34: error: -[PetSafeUITests.SubscriptionTests testSubscriptionPlansDisplay] : Failed to no matches found for Elements matching predicate '"email_field" IN identifiers' from input {(
    TextField, placeholderValue: 'Email'
)}
    t =   322.66s Tear Down
Test Case '-[PetSafeUITests.SubscriptionTests testSubscriptionPlansDisplay]' failed (323.583 seconds).
Test Case '-[PetSafeUITests.SubscriptionTests testTermsAndPrivacyLinks]' started.
    t =     0.02s Start Test at 2026-02-11 10:36:38.412
    t =     0.62s Set Up
    t =     0.63s Open com.armstrong.PetSafe
    t =     0.63s     Launch com.armstrong.PetSafe
    t =     0.63s         Terminate com.armstrong.PetSafe:72665
    t =   178.43s         Setting up automation session
    t =   240.57s         Wait for com.armstrong.PetSafe to idle
    t =   302.39s             App event loop idle notification not received, will attempt to continue.
    t =   302.46s App animations complete notification not received, will attempt to continue.
    t =   304.61s Tap "email_field" TextField
    t =   304.61s     Wait for com.armstrong.PetSafe to idle
    t =   337.24s Unable to monitor animations
    t =   365.61s         App event loop idle notification not received, will attempt to continue.
    t =   365.90s     Find the "email_field" TextField
    t =   366.40s         Requesting snapshot of accessibility hierarchy for app with pid 72967
    t =   399.14s Unable to monitor event loop
    t =   434.05s         Find the "email_field" TextField (retry 1)
    t =   434.85s             Requesting snapshot of accessibility hierarchy for app with pid 72967
    t =   436.19s             Find: Descendants matching type TextField
    t =   436.20s             Find: Elements matching predicate '"email_field" IN identifiers'
    t =   437.42s         Find the "email_field" TextField (retry 2)
    t =   437.71s             Requesting snapshot of accessibility hierarchy for app with pid 72967
    t =   439.13s             Find: Descendants matching type TextField
    t =   439.15s             Find: Elements matching predicate '"email_field" IN identifiers'
/Users/kevinarmstrong/Documents/PetSafe/PetSafeUITests/PageObjects/LoginPage.swift:34: error: -[PetSafeUITests.SubscriptionTests testTermsAndPrivacyLinks] : Failed to tap "email_field" TextField: Timed out while fetching snapshot from testmanagerd..
    t =   439.81s Tear Down
Test Case '-[PetSafeUITests.SubscriptionTests testTermsAndPrivacyLinks]' failed (440.980 seconds).
Test Case '-[PetSafeUITests.SubscriptionTests testYearlyPlanSelection]' started.
    t =     0.01s Start Test at 2026-02-11 10:43:59.416
    t =     0.87s Set Up
    t =     0.89s Open com.armstrong.PetSafe
    t =     0.89s     Launch com.armstrong.PetSafe
    t =     0.89s         Terminate com.armstrong.PetSafe:72967
    t =    36.70s         Setting up automation session
    t =    99.24s         Wait for com.armstrong.PetSafe to idle
    t =   108.15s Unable to monitor event loop
    t =   108.20s Unable to monitor animations
    t =   109.98s Tap "email_field" TextField
    t =   109.98s     Wait for com.armstrong.PetSafe to idle
    t =   117.87s Unable to monitor event loop
    t =   118.00s Unable to monitor animations
    t =   118.02s     Find the "email_field" TextField
    t =   118.69s         Requesting snapshot of accessibility hierarchy for app with pid 73062
    t =   120.13s         Requesting snapshot of accessibility hierarchy for app with pid 73062
    t =   124.91s         Requesting snapshot of accessibility hierarchy for app with pid 73062
    t =   128.04s         Find the "email_field" TextField (retry 1)
    t =   129.07s             Requesting snapshot of accessibility hierarchy for app with pid 73062
    t =   130.20s             Requesting snapshot of accessibility hierarchy for app with pid 73062
    t =   132.79s             Requesting snapshot of accessibility hierarchy for app with pid 73062
    t =   135.96s         Find the "email_field" TextField (retry 2)
    t =   136.32s             Requesting snapshot of accessibility hierarchy for app with pid 73062
    t =   137.41s             Requesting snapshot of accessibility hierarchy for app with pid 73062
    t =   138.66s             Requesting snapshot of accessibility hierarchy for app with pid 73062
    t =   139.82s     Retrying `Tap "email_field" TextField` (attempt #2)
    t =   139.82s         Wait for com.armstrong.PetSafe to idle
    t =   148.62s Unable to monitor animations
    t =   148.72s Unable to monitor event loop
    t =   148.75s         Find the "email_field" TextField
    t =   149.72s             Requesting snapshot of accessibility hierarchy for app with pid 73062
    t =   151.37s             Requesting snapshot of accessibility hierarchy for app with pid 73062
    t =   152.57s             Requesting snapshot of accessibility hierarchy for app with pid 73062
    t =   153.77s             Find the "email_field" TextField (retry 1)
    t =   154.35s                 Requesting snapshot of accessibility hierarchy for app with pid 73062
    t =   155.39s                 Requesting snapshot of accessibility hierarchy for app with pid 73062
    t =   157.41s                 Requesting snapshot of accessibility hierarchy for app with pid 73062
    t =   162.03s             Find the "email_field" TextField (retry 2)
    t =   162.25s                 Requesting snapshot of accessibility hierarchy for app with pid 73062
    t =   164.03s                 Requesting snapshot of accessibility hierarchy for app with pid 73062
    t =   167.02s                 Requesting snapshot of accessibility hierarchy for app with pid 73062
    t =   169.40s     Retrying `Tap "email_field" TextField` (attempt #3)
    t =   169.40s         Wait for com.armstrong.PetSafe to idle
    t =   178.21s Unable to monitor event loop
    t =   178.72s Unable to monitor animations
    t =   178.74s         Find the "email_field" TextField
    t =   179.04s             Requesting snapshot of accessibility hierarchy for app with pid 73062
    t =   180.42s             Requesting snapshot of accessibility hierarchy for app with pid 73062
    t =   182.45s             Requesting snapshot of accessibility hierarchy for app with pid 73062
    t =   183.83s             Find the "email_field" TextField (retry 1)
    t =   185.97s                 Requesting snapshot of accessibility hierarchy for app with pid 73062
    t =   187.85s                 Requesting snapshot of accessibility hierarchy for app with pid 73062
    t =   191.31s                 Requesting snapshot of accessibility hierarchy for app with pid 73062
    t =   192.53s             Find the "email_field" TextField (retry 2)
    t =   192.85s                 Requesting snapshot of accessibility hierarchy for app with pid 73062
    t =   194.39s                 Requesting snapshot of accessibility hierarchy for app with pid 73062
    t =   200.69s                 Requesting snapshot of accessibility hierarchy for app with pid 73062
/Users/kevinarmstrong/Documents/PetSafe/PetSafeUITests/PageObjects/LoginPage.swift:34: error: -[PetSafeUITests.SubscriptionTests testYearlyPlanSelection] : Failed to error getting main window kAXErrorServerNotFound
    t =   263.86s Tear Down
Test Case '-[PetSafeUITests.SubscriptionTests testYearlyPlanSelection]' failed (278.440 seconds).
Test Suite 'SubscriptionTests' failed at 2026-02-11 10:48:37.862.
	 Executed 9 tests, with 9 failures (0 unexpected) in 2053.389 (2053.459) seconds
Test Suite 'End2EndTests' started at 2026-02-11 10:48:38.096.
Test Case '-[PetSafeUITests.End2EndTests testAchievementViewingJourney]' started.
    t =     0.00s Start Test at 2026-02-11 10:48:38.098
    t =     0.24s Set Up
    t =     0.25s Open com.armstrong.PetSafe
    t =     0.25s     Launch com.armstrong.PetSafe
    t =     0.25s         Terminate com.armstrong.PetSafe:73062
    t =    12.66s         Setting up automation session
    t =    18.19s         Wait for com.armstrong.PetSafe to idle
    t =    26.29s Tap "email_field" TextField
    t =    26.29s     Wait for com.armstrong.PetSafe to idle
    t =    26.30s     Find the "email_field" TextField
    t =    28.96s         Find the "email_field" TextField (retry 1)
    t =    30.23s         Find the "email_field" TextField (retry 2)
    t =    30.32s Requesting snapshot of accessibility hierarchy for app with pid 73219
/Users/kevinarmstrong/Documents/PetSafe/PetSafeUITests/PageObjects/LoginPage.swift:34: error: -[PetSafeUITests.End2EndTests testAchievementViewingJourney] : Failed to tap "email_field" TextField: No matches found for Elements matching predicate '"email_field" IN identifiers' from input {(
    TextField, placeholderValue: 'Email'
)}
    t =    30.65s Tear Down
Test Case '-[PetSafeUITests.End2EndTests testAchievementViewingJourney]' failed (31.049 seconds).
Test Case '-[PetSafeUITests.End2EndTests testCompleteNewUserJourney]' started.
    t =     0.00s Start Test at 2026-02-11 10:49:09.148
    t =     0.35s Set Up
    t =     0.35s Open com.armstrong.PetSafe
    t =     0.36s     Launch com.armstrong.PetSafe
    t =     0.36s         Terminate com.armstrong.PetSafe:73219
    t =     4.06s         Setting up automation session
    t =     8.99s         Wait for com.armstrong.PetSafe to idle
    t =    20.16s Added attachment named 'E2E_01_App_Launch'
    t =    20.17s Waiting 5.0s for "email_field" TextField to exist
    t =    21.20s     Checking `Expect predicate `existsNoRetry == 1` for object "email_field" TextField`
    t =    21.21s         Checking existence of `"email_field" TextField`
    t =    21.39s         Capturing element debug description
    t =    22.23s     Checking `Expect predicate `existsNoRetry == 1` for object "email_field" TextField`
    t =    22.26s         Checking existence of `"email_field" TextField`
    t =    22.89s         Capturing element debug description
    t =    23.21s     Checking `Expect predicate `existsNoRetry == 1` for object "email_field" TextField`
    t =    23.22s         Checking existence of `"email_field" TextField`
    t =    23.31s         Capturing element debug description
    t =    24.25s     Checking `Expect predicate `existsNoRetry == 1` for object "email_field" TextField`
    t =    24.28s         Checking existence of `"email_field" TextField`
    t =    24.48s         Capturing element debug description
    t =    25.18s     Checking `Expect predicate `existsNoRetry == 1` for object "email_field" TextField`
    t =    25.20s         Checking existence of `"email_field" TextField`
    t =    25.49s         Capturing element debug description
    t =    25.49s     Checking existence of `"email_field" TextField`
    t =    25.50s Collecting debug information to assist test failure triage
    t =    25.50s     Requesting snapshot of accessibility hierarchy for app with pid 73261
/Users/kevinarmstrong/Documents/PetSafe/PetSafeUITests/Tests/End2EndTests.swift:14: error: -[PetSafeUITests.End2EndTests testCompleteNewUserJourney] : XCTAssertTrue failed - Login screen should display
    t =    25.92s Tear Down
Test Case '-[PetSafeUITests.End2EndTests testCompleteNewUserJourney]' failed (26.528 seconds).
Test Case '-[PetSafeUITests.End2EndTests testLogoutJourney]' started.
    t =     0.00s Start Test at 2026-02-11 10:49:35.678
    t =     0.26s Set Up
    t =     0.26s Open com.armstrong.PetSafe
    t =     0.26s     Launch com.armstrong.PetSafe
    t =     0.26s         Terminate com.armstrong.PetSafe:73261
    t =     5.96s         Setting up automation session
    t =    11.21s         Wait for com.armstrong.PetSafe to idle
    t =    24.26s Tap "email_field" TextField
    t =    24.26s     Wait for com.armstrong.PetSafe to idle
    t =    24.32s     Find the "email_field" TextField
    t =    27.11s         Find the "email_field" TextField (retry 1)
    t =    28.36s         Find the "email_field" TextField (retry 2)
    t =    28.42s Requesting snapshot of accessibility hierarchy for app with pid 73290
/Users/kevinarmstrong/Documents/PetSafe/PetSafeUITests/PageObjects/LoginPage.swift:34: error: -[PetSafeUITests.End2EndTests testLogoutJourney] : Failed to tap "email_field" TextField: No matches found for Elements matching predicate '"email_field" IN identifiers' from input {(
    TextField, placeholderValue: 'Email'
)}
    t =    28.55s Tear Down
Test Case '-[PetSafeUITests.End2EndTests testLogoutJourney]' failed (28.909 seconds).
Test Case '-[PetSafeUITests.End2EndTests testPremiumUpgradeJourney]' started.
    t =     0.00s Start Test at 2026-02-11 10:50:04.587
    t =     0.10s Set Up
    t =     0.10s Open com.armstrong.PetSafe
    t =     0.10s     Launch com.armstrong.PetSafe
    t =     0.10s         Terminate com.armstrong.PetSafe:73290
    t =     8.61s         Setting up automation session
    t =    18.06s         Wait for com.armstrong.PetSafe to idle
    t =    23.10s Tap "email_field" TextField
    t =    23.10s     Wait for com.armstrong.PetSafe to idle
    t =    27.23s     Find the "email_field" TextField
    t =    29.43s         Find the "email_field" TextField (retry 1)
    t =    30.53s         Find the "email_field" TextField (retry 2)
    t =    30.79s Requesting snapshot of accessibility hierarchy for app with pid 73320
/Users/kevinarmstrong/Documents/PetSafe/PetSafeUITests/PageObjects/LoginPage.swift:34: error: -[PetSafeUITests.End2EndTests testPremiumUpgradeJourney] : Failed to tap "email_field" TextField: No matches found for Elements matching predicate '"email_field" IN identifiers' from input {(
    TextField, placeholderValue: 'Email'
)}
    t =    30.91s Tear Down
Test Case '-[PetSafeUITests.End2EndTests testPremiumUpgradeJourney]' failed (31.305 seconds).
Test Case '-[PetSafeUITests.End2EndTests testQuickScanToFoodLogJourney]' started.
    t =     0.00s Start Test at 2026-02-11 10:50:35.895
    t =     0.15s Set Up
    t =     0.16s Open com.armstrong.PetSafe
    t =     0.16s     Launch com.armstrong.PetSafe
    t =     0.16s         Terminate com.armstrong.PetSafe:73320
    t =     8.88s         Setting up automation session
    t =    12.86s         Wait for com.armstrong.PetSafe to idle
    t =    27.34s Tap "email_field" TextField
    t =    27.34s     Wait for com.armstrong.PetSafe to idle
    t =    27.36s     Find the "email_field" TextField
    t =    31.34s         Find the "email_field" TextField (retry 1)
    t =    32.93s         Find the "email_field" TextField (retry 2)
    t =    33.40s Requesting snapshot of accessibility hierarchy for app with pid 73354
/Users/kevinarmstrong/Documents/PetSafe/PetSafeUITests/PageObjects/LoginPage.swift:34: error: -[PetSafeUITests.End2EndTests testQuickScanToFoodLogJourney] : Failed to tap "email_field" TextField: No matches found for Elements matching predicate '"email_field" IN identifiers' from input {(
    TextField, placeholderValue: 'Email'
)}
    t =    34.24s Tear Down
Test Case '-[PetSafeUITests.End2EndTests testQuickScanToFoodLogJourney]' failed (34.667 seconds).
Test Case '-[PetSafeUITests.End2EndTests testScanAndLogFoodJourney]' started.
    t =     0.00s Start Test at 2026-02-11 10:51:10.565
    t =     0.17s Set Up
    t =     0.24s Open com.armstrong.PetSafe
    t =     0.25s     Launch com.armstrong.PetSafe
    t =     0.25s         Terminate com.armstrong.PetSafe:73354
    t =     6.84s         Setting up automation session
    t =    13.31s         Wait for com.armstrong.PetSafe to idle
    t =    16.84s Tap "email_field" TextField
    t =    16.84s     Wait for com.armstrong.PetSafe to idle
    t =    24.53s     Find the "email_field" TextField
    t =    26.10s         Find the "email_field" TextField (retry 1)
    t =    27.77s         Find the "email_field" TextField (retry 2)
    t =    27.81s Requesting snapshot of accessibility hierarchy for app with pid 73379
/Users/kevinarmstrong/Documents/PetSafe/PetSafeUITests/PageObjects/LoginPage.swift:34: error: -[PetSafeUITests.End2EndTests testScanAndLogFoodJourney] : Failed to tap "email_field" TextField: No matches found for Elements matching predicate '"email_field" IN identifiers' from input {(
    TextField, placeholderValue: 'Email'
)}
    t =    27.97s Tear Down
Test Case '-[PetSafeUITests.End2EndTests testScanAndLogFoodJourney]' failed (28.846 seconds).
Test Suite 'End2EndTests' failed at 2026-02-11 10:51:39.413.
	 Executed 6 tests, with 6 failures (0 unexpected) in 181.303 (181.317) seconds
Test Suite 'ScannerTests' started at 2026-02-11 10:51:39.537.
Test Case '-[PetSafeUITests.ScannerTests testCameraPermissionRequest]' started.
    t =     0.00s Start Test at 2026-02-11 10:51:39.550
    t =     0.25s Set Up
    t =     0.31s Open com.armstrong.PetSafe
    t =     0.31s     Launch com.armstrong.PetSafe
    t =     0.31s         Terminate com.armstrong.PetSafe:73379
    t =     8.87s         Setting up automation session
    t =    11.62s         Wait for com.armstrong.PetSafe to idle
    t =    14.63s Tap "email_field" TextField
    t =    14.63s     Wait for com.armstrong.PetSafe to idle
    t =    18.21s     Find the "email_field" TextField
    t =    22.16s         Find the "email_field" TextField (retry 1)
    t =    23.79s         Find the "email_field" TextField (retry 2)
    t =    23.88s Requesting snapshot of accessibility hierarchy for app with pid 73408
/Users/kevinarmstrong/Documents/PetSafe/PetSafeUITests/PageObjects/LoginPage.swift:34: error: -[PetSafeUITests.ScannerTests testCameraPermissionRequest] : Failed to tap "email_field" TextField: No matches found for Elements matching predicate '"email_field" IN identifiers' from input {(
    TextField, placeholderValue: 'Email'
)}
    t =    24.54s Tear Down
Test Case '-[PetSafeUITests.ScannerTests testCameraPermissionRequest]' failed (25.322 seconds).
Test Case '-[PetSafeUITests.ScannerTests testCameraPreviewActive]' started.
    t =     0.03s Start Test at 2026-02-11 10:52:04.912
    t =     0.13s Set Up
    t =     0.16s Open com.armstrong.PetSafe
    t =     0.17s     Launch com.armstrong.PetSafe
    t =     0.17s         Terminate com.armstrong.PetSafe:73408
    t =     7.00s         Setting up automation session
    t =    11.65s         Wait for com.armstrong.PetSafe to idle
    t =    13.61s Tap "email_field" TextField
    t =    13.61s     Wait for com.armstrong.PetSafe to idle
    t =    13.62s     Find the "email_field" TextField
    t =    16.67s         Find the "email_field" TextField (retry 1)
    t =    27.01s         Find the "email_field" TextField (retry 2)
    t =    27.50s Requesting snapshot of accessibility hierarchy for app with pid 73431
/Users/kevinarmstrong/Documents/PetSafe/PetSafeUITests/PageObjects/LoginPage.swift:34: error: -[PetSafeUITests.ScannerTests testCameraPreviewActive] : Failed to tap "email_field" TextField: No matches found for Descendants matching type TextField from input {(
    Application, pid: 73431, label: 'PetSafe'
)}
    t =    27.66s Tear Down
Test Case '-[PetSafeUITests.ScannerTests testCameraPreviewActive]' failed (28.060 seconds).
Test Case '-[PetSafeUITests.ScannerTests testQuickScanFromHome]' started.
    t =     0.00s Start Test at 2026-02-11 10:52:32.947
    t =     0.14s Set Up
    t =     0.14s Open com.armstrong.PetSafe
    t =     0.14s     Launch com.armstrong.PetSafe
    t =     0.14s         Terminate com.armstrong.PetSafe:73431
    t =     1.88s         Setting up automation session
    t =     3.93s         Wait for com.armstrong.PetSafe to idle
    t =     6.31s Tap "email_field" TextField
    t =     6.31s     Wait for com.armstrong.PetSafe to idle
    t =     9.43s     Find the "email_field" TextField
    t =    12.14s         Find the "email_field" TextField (retry 1)


*** If you believe this error represents a bug, please attach the result bundle at /Users/kevinarmstrong/Documents/PetSafe/test_results/reports/TestResults_20260211_101241.xcresult

